Build started 5/13/2019 7:53:43 AM.
     1>Project "C:\Users\USER\Desktop\Pikachim\Pikachim\Pikachim.vcxproj" on node 2 (Build target(s)).
     1>ClCompile:
         C:\Program Files (x86)\Microsoft Visual Studio 11.0\VC\bin\CL.exe /c /ZI /nologo /W3 /WX- /sdl /Od /Oy- /D WIN32 /D _DEBUG /D _CONSOLE /D _UNICODE /D UNICODE /Gm /EHsc /RTC1 /MDd /GS /fp:precise /Zc:wchar_t /Zc:forScope /Yu"stdafx.h" /Fp"Debug\Pikachim.pch" /Fo"Debug\\" /Fd"Debug\vc110.pdb" /Gd /TP /analyze- /errorReport:prompt BUTTONREAL.cpp Common.cpp Effect.cpp MakeButton.cpp TextObject.cpp TileMap.cpp baseObject.cpp main.cpp
         BUTTONREAL.cpp
         Generating Code...
         Compiling...
         main.cpp
         baseObject.cpp
         TileMap.cpp
         TextObject.cpp
         MakeButton.cpp
         Effect.cpp
         Common.cpp
         Generating Code...
       Link:
         C:\Program Files (x86)\Microsoft Visual Studio 11.0\VC\bin\link.exe /ERRORREPORT:PROMPT /OUT:"C:\Users\USER\Desktop\Pikachim\Debug\Pikachim.exe" /INCREMENTAL /NOLOGO SDL2.lib SDL2main.lib SDL2_image.lib SDL2_mixer.lib SDL2_ttf.lib kernel32.lib user32.lib gdi32.lib winspool.lib comdlg32.lib advapi32.lib shell32.lib ole32.lib oleaut32.lib uuid.lib odbc32.lib odbccp32.lib /MANIFEST /MANIFESTUAC:"level='asInvoker' uiAccess='false'" /manifest:embed /DEBUG /PDB:"C:\Users\USER\Desktop\Pikachim\Debug\Pikachim.pdb" /SUBSYSTEM:CONSOLE /TLBID:1 /DYNAMICBASE /NXCOMPAT /IMPLIB:"C:\Users\USER\Desktop\Pikachim\Debug\Pikachim.lib" /MACHINE:X86 Debug\baseObject.obj
         Debug\Effect.obj
         Debug\Common.obj
         Debug\main.obj
         Debug\MakeButton.obj
         Debug\BUTTONREAL.obj
         Debug\stdafx.obj
         Debug\TextObject.obj
         Debug\TileMap.obj
         Pikachim.vcxproj -> C:\Users\USER\Desktop\Pikachim\Debug\Pikachim.exe
     1>Done Building Project "C:\Users\USER\Desktop\Pikachim\Pikachim\Pikachim.vcxproj" (Build target(s)).

Build succeeded.

Time Elapsed 00:00:11.07
