C:\USERS\USER\DESKTOP\PIKACHIM\PIKACHIM\DEBUG\PIKACHIM.PCH
C:\USERS\USER\DESKTOP\PIKACHIM\PIKACHIM\DEBUG\STDAFX.OBJ
C:\USERS\USER\DESKTOP\PIKACHIM\PIKACHIM\DEBUG\VC110.PDB
C:\USERS\USER\DESKTOP\PIKACHIM\PIKACHIM\DEBUG\MAIN.OBJ
C:\USERS\USER\DESKTOP\PIKACHIM\PIKACHIM\DEBUG\COMMON.OBJ
C:\USERS\USER\DESKTOP\PIKACHIM\PIKACHIM\DEBUG\BASEOBJECT.OBJ
C:\USERS\USER\DESKTOP\PIKACHIM\PIKACHIM\DEBUG\TILEMAP.OBJ
C:\USERS\USER\DESKTOP\PIKACHIM\PIKACHIM\DEBUG\MAKEBUTTON.OBJ
C:\USERS\USER\DESKTOP\PIKACHIM\PIKACHIM\DEBUG\SOUNDMANAGER.OBJ
C:\USERS\USER\DESKTOP\PIKACHIM\DEBUG\PIKACHIM.ILK
C:\USERS\USER\DESKTOP\PIKACHIM\DEBUG\PIKACHIM.EXE
C:\USERS\USER\DESKTOP\PIKACHIM\DEBUG\PIKACHIM.PDB
C:\Users\USER\Desktop\Pikachim\Pikachim\Debug\baseObject.obj
C:\Users\USER\Desktop\Pikachim\Pikachim\Debug\Common.obj
C:\Users\USER\Desktop\Pikachim\Pikachim\Debug\main.obj
C:\Users\USER\Desktop\Pikachim\Pikachim\Debug\MakeButton.obj
C:\Users\USER\Desktop\Pikachim\Pikachim\Debug\SoundManager.obj
C:\Users\USER\Desktop\Pikachim\Pikachim\Debug\stdafx.obj
C:\Users\USER\Desktop\Pikachim\Pikachim\Debug\TileMap.obj
C:\Users\USER\Desktop\Pikachim\Pikachim\Debug\cl.command.1.tlog
C:\Users\USER\Desktop\Pikachim\Pikachim\Debug\CL.read.1.tlog
C:\Users\USER\Desktop\Pikachim\Pikachim\Debug\CL.write.1.tlog
C:\Users\USER\Desktop\Pikachim\Pikachim\Debug\link-cvtres.read.1.tlog
C:\Users\USER\Desktop\Pikachim\Pikachim\Debug\link-cvtres.write.1.tlog
C:\Users\USER\Desktop\Pikachim\Pikachim\Debug\link-rc.read.1.tlog
C:\Users\USER\Desktop\Pikachim\Pikachim\Debug\link-rc.write.1.tlog
C:\Users\USER\Desktop\Pikachim\Pikachim\Debug\link.10112-cvtres.read.1.tlog
C:\Users\USER\Desktop\Pikachim\Pikachim\Debug\link.10112-cvtres.write.1.tlog
C:\Users\USER\Desktop\Pikachim\Pikachim\Debug\link.10112-rc.read.1.tlog
C:\Users\USER\Desktop\Pikachim\Pikachim\Debug\link.10112-rc.write.1.tlog
C:\Users\USER\Desktop\Pikachim\Pikachim\Debug\link.10112.read.1.tlog
C:\Users\USER\Desktop\Pikachim\Pikachim\Debug\link.10112.write.1.tlog
C:\Users\USER\Desktop\Pikachim\Pikachim\Debug\link.11256-cvtres.read.1.tlog
C:\Users\USER\Desktop\Pikachim\Pikachim\Debug\link.11256-cvtres.write.1.tlog
C:\Users\USER\Desktop\Pikachim\Pikachim\Debug\link.11256-rc.read.1.tlog
C:\Users\USER\Desktop\Pikachim\Pikachim\Debug\link.11256-rc.write.1.tlog
C:\Users\USER\Desktop\Pikachim\Pikachim\Debug\link.11256.read.1.tlog
C:\Users\USER\Desktop\Pikachim\Pikachim\Debug\link.11256.write.1.tlog
C:\Users\USER\Desktop\Pikachim\Pikachim\Debug\link.236-cvtres.read.1.tlog
C:\Users\USER\Desktop\Pikachim\Pikachim\Debug\link.236-cvtres.write.1.tlog
C:\Users\USER\Desktop\Pikachim\Pikachim\Debug\link.236-rc.read.1.tlog
C:\Users\USER\Desktop\Pikachim\Pikachim\Debug\link.236-rc.write.1.tlog
C:\Users\USER\Desktop\Pikachim\Pikachim\Debug\link.236.read.1.tlog
C:\Users\USER\Desktop\Pikachim\Pikachim\Debug\link.236.write.1.tlog
C:\Users\USER\Desktop\Pikachim\Pikachim\Debug\link.2784-cvtres.read.1.tlog
C:\Users\USER\Desktop\Pikachim\Pikachim\Debug\link.2784-cvtres.write.1.tlog
C:\Users\USER\Desktop\Pikachim\Pikachim\Debug\link.2784-rc.read.1.tlog
C:\Users\USER\Desktop\Pikachim\Pikachim\Debug\link.2784-rc.write.1.tlog
C:\Users\USER\Desktop\Pikachim\Pikachim\Debug\link.2784.read.1.tlog
C:\Users\USER\Desktop\Pikachim\Pikachim\Debug\link.2784.write.1.tlog
C:\Users\USER\Desktop\Pikachim\Pikachim\Debug\link.3416-cvtres.read.1.tlog
C:\Users\USER\Desktop\Pikachim\Pikachim\Debug\link.3416-cvtres.write.1.tlog
C:\Users\USER\Desktop\Pikachim\Pikachim\Debug\link.3416-rc.read.1.tlog
C:\Users\USER\Desktop\Pikachim\Pikachim\Debug\link.3416-rc.write.1.tlog
C:\Users\USER\Desktop\Pikachim\Pikachim\Debug\link.3416.read.1.tlog
C:\Users\USER\Desktop\Pikachim\Pikachim\Debug\link.3416.write.1.tlog
C:\Users\USER\Desktop\Pikachim\Pikachim\Debug\link.3744-cvtres.read.1.tlog
C:\Users\USER\Desktop\Pikachim\Pikachim\Debug\link.3744-cvtres.write.1.tlog
C:\Users\USER\Desktop\Pikachim\Pikachim\Debug\link.3744-rc.read.1.tlog
C:\Users\USER\Desktop\Pikachim\Pikachim\Debug\link.3744-rc.write.1.tlog
C:\Users\USER\Desktop\Pikachim\Pikachim\Debug\link.3744.read.1.tlog
C:\Users\USER\Desktop\Pikachim\Pikachim\Debug\link.3744.write.1.tlog
C:\Users\USER\Desktop\Pikachim\Pikachim\Debug\link.3992-cvtres.read.1.tlog
C:\Users\USER\Desktop\Pikachim\Pikachim\Debug\link.3992-cvtres.write.1.tlog
C:\Users\USER\Desktop\Pikachim\Pikachim\Debug\link.3992-rc.read.1.tlog
C:\Users\USER\Desktop\Pikachim\Pikachim\Debug\link.3992-rc.write.1.tlog
C:\Users\USER\Desktop\Pikachim\Pikachim\Debug\link.3992.read.1.tlog
C:\Users\USER\Desktop\Pikachim\Pikachim\Debug\link.3992.write.1.tlog
C:\Users\USER\Desktop\Pikachim\Pikachim\Debug\link.4760-cvtres.read.1.tlog
C:\Users\USER\Desktop\Pikachim\Pikachim\Debug\link.4760-cvtres.write.1.tlog
C:\Users\USER\Desktop\Pikachim\Pikachim\Debug\link.4760-rc.read.1.tlog
C:\Users\USER\Desktop\Pikachim\Pikachim\Debug\link.4760-rc.write.1.tlog
C:\Users\USER\Desktop\Pikachim\Pikachim\Debug\link.4760.read.1.tlog
C:\Users\USER\Desktop\Pikachim\Pikachim\Debug\link.4760.write.1.tlog
C:\Users\USER\Desktop\Pikachim\Pikachim\Debug\link.4896-cvtres.read.1.tlog
C:\Users\USER\Desktop\Pikachim\Pikachim\Debug\link.4896-cvtres.write.1.tlog
C:\Users\USER\Desktop\Pikachim\Pikachim\Debug\link.4896-rc.read.1.tlog
C:\Users\USER\Desktop\Pikachim\Pikachim\Debug\link.4896-rc.write.1.tlog
C:\Users\USER\Desktop\Pikachim\Pikachim\Debug\link.4896.read.1.tlog
C:\Users\USER\Desktop\Pikachim\Pikachim\Debug\link.4896.write.1.tlog
C:\Users\USER\Desktop\Pikachim\Pikachim\Debug\link.512-cvtres.read.1.tlog
C:\Users\USER\Desktop\Pikachim\Pikachim\Debug\link.512-cvtres.write.1.tlog
C:\Users\USER\Desktop\Pikachim\Pikachim\Debug\link.512-rc.read.1.tlog
C:\Users\USER\Desktop\Pikachim\Pikachim\Debug\link.512-rc.write.1.tlog
C:\Users\USER\Desktop\Pikachim\Pikachim\Debug\link.512.read.1.tlog
C:\Users\USER\Desktop\Pikachim\Pikachim\Debug\link.512.write.1.tlog
C:\Users\USER\Desktop\Pikachim\Pikachim\Debug\link.5420-cvtres.read.1.tlog
C:\Users\USER\Desktop\Pikachim\Pikachim\Debug\link.5420-cvtres.write.1.tlog
C:\Users\USER\Desktop\Pikachim\Pikachim\Debug\link.5420-rc.read.1.tlog
C:\Users\USER\Desktop\Pikachim\Pikachim\Debug\link.5420-rc.write.1.tlog
C:\Users\USER\Desktop\Pikachim\Pikachim\Debug\link.5420.read.1.tlog
C:\Users\USER\Desktop\Pikachim\Pikachim\Debug\link.5420.write.1.tlog
C:\Users\USER\Desktop\Pikachim\Pikachim\Debug\link.5536-cvtres.read.1.tlog
C:\Users\USER\Desktop\Pikachim\Pikachim\Debug\link.5536-cvtres.write.1.tlog
C:\Users\USER\Desktop\Pikachim\Pikachim\Debug\link.5536-rc.read.1.tlog
C:\Users\USER\Desktop\Pikachim\Pikachim\Debug\link.5536-rc.write.1.tlog
C:\Users\USER\Desktop\Pikachim\Pikachim\Debug\link.5536.read.1.tlog
C:\Users\USER\Desktop\Pikachim\Pikachim\Debug\link.5536.write.1.tlog
C:\Users\USER\Desktop\Pikachim\Pikachim\Debug\link.5580-cvtres.read.1.tlog
C:\Users\USER\Desktop\Pikachim\Pikachim\Debug\link.5580-cvtres.write.1.tlog
C:\Users\USER\Desktop\Pikachim\Pikachim\Debug\link.5580-rc.read.1.tlog
C:\Users\USER\Desktop\Pikachim\Pikachim\Debug\link.5580-rc.write.1.tlog
C:\Users\USER\Desktop\Pikachim\Pikachim\Debug\link.5580.read.1.tlog
C:\Users\USER\Desktop\Pikachim\Pikachim\Debug\link.5580.write.1.tlog
C:\Users\USER\Desktop\Pikachim\Pikachim\Debug\link.5704-cvtres.read.1.tlog
C:\Users\USER\Desktop\Pikachim\Pikachim\Debug\link.5704-cvtres.write.1.tlog
C:\Users\USER\Desktop\Pikachim\Pikachim\Debug\link.5704-rc.read.1.tlog
C:\Users\USER\Desktop\Pikachim\Pikachim\Debug\link.5704-rc.write.1.tlog
C:\Users\USER\Desktop\Pikachim\Pikachim\Debug\link.5704.read.1.tlog
C:\Users\USER\Desktop\Pikachim\Pikachim\Debug\link.5704.write.1.tlog
C:\Users\USER\Desktop\Pikachim\Pikachim\Debug\link.5748-cvtres.read.1.tlog
C:\Users\USER\Desktop\Pikachim\Pikachim\Debug\link.5748-cvtres.write.1.tlog
C:\Users\USER\Desktop\Pikachim\Pikachim\Debug\link.5748-rc.read.1.tlog
C:\Users\USER\Desktop\Pikachim\Pikachim\Debug\link.5748-rc.write.1.tlog
C:\Users\USER\Desktop\Pikachim\Pikachim\Debug\link.5748.read.1.tlog
C:\Users\USER\Desktop\Pikachim\Pikachim\Debug\link.5748.write.1.tlog
C:\Users\USER\Desktop\Pikachim\Pikachim\Debug\link.664-cvtres.read.1.tlog
C:\Users\USER\Desktop\Pikachim\Pikachim\Debug\link.664-cvtres.write.1.tlog
C:\Users\USER\Desktop\Pikachim\Pikachim\Debug\link.664-rc.read.1.tlog
C:\Users\USER\Desktop\Pikachim\Pikachim\Debug\link.664-rc.write.1.tlog
C:\Users\USER\Desktop\Pikachim\Pikachim\Debug\link.664.read.1.tlog
C:\Users\USER\Desktop\Pikachim\Pikachim\Debug\link.664.write.1.tlog
C:\Users\USER\Desktop\Pikachim\Pikachim\Debug\link.6844-cvtres.read.1.tlog
C:\Users\USER\Desktop\Pikachim\Pikachim\Debug\link.6844-cvtres.write.1.tlog
C:\Users\USER\Desktop\Pikachim\Pikachim\Debug\link.6844-rc.read.1.tlog
C:\Users\USER\Desktop\Pikachim\Pikachim\Debug\link.6844-rc.write.1.tlog
C:\Users\USER\Desktop\Pikachim\Pikachim\Debug\link.6844.read.1.tlog
C:\Users\USER\Desktop\Pikachim\Pikachim\Debug\link.6844.write.1.tlog
C:\Users\USER\Desktop\Pikachim\Pikachim\Debug\link.7148-cvtres.read.1.tlog
C:\Users\USER\Desktop\Pikachim\Pikachim\Debug\link.7148-cvtres.write.1.tlog
C:\Users\USER\Desktop\Pikachim\Pikachim\Debug\link.7148-rc.read.1.tlog
C:\Users\USER\Desktop\Pikachim\Pikachim\Debug\link.7148-rc.write.1.tlog
C:\Users\USER\Desktop\Pikachim\Pikachim\Debug\link.7148.read.1.tlog
C:\Users\USER\Desktop\Pikachim\Pikachim\Debug\link.7148.write.1.tlog
C:\Users\USER\Desktop\Pikachim\Pikachim\Debug\link.7824-cvtres.read.1.tlog
C:\Users\USER\Desktop\Pikachim\Pikachim\Debug\link.7824-cvtres.write.1.tlog
C:\Users\USER\Desktop\Pikachim\Pikachim\Debug\link.7824-rc.read.1.tlog
C:\Users\USER\Desktop\Pikachim\Pikachim\Debug\link.7824-rc.write.1.tlog
C:\Users\USER\Desktop\Pikachim\Pikachim\Debug\link.7824.read.1.tlog
C:\Users\USER\Desktop\Pikachim\Pikachim\Debug\link.7824.write.1.tlog
C:\Users\USER\Desktop\Pikachim\Pikachim\Debug\link.8048-cvtres.read.1.tlog
C:\Users\USER\Desktop\Pikachim\Pikachim\Debug\link.8048-cvtres.write.1.tlog
C:\Users\USER\Desktop\Pikachim\Pikachim\Debug\link.8048-rc.read.1.tlog
C:\Users\USER\Desktop\Pikachim\Pikachim\Debug\link.8048-rc.write.1.tlog
C:\Users\USER\Desktop\Pikachim\Pikachim\Debug\link.8048.read.1.tlog
C:\Users\USER\Desktop\Pikachim\Pikachim\Debug\link.8048.write.1.tlog
C:\Users\USER\Desktop\Pikachim\Pikachim\Debug\link.8308-cvtres.read.1.tlog
C:\Users\USER\Desktop\Pikachim\Pikachim\Debug\link.8308-cvtres.write.1.tlog
C:\Users\USER\Desktop\Pikachim\Pikachim\Debug\link.8308-rc.read.1.tlog
C:\Users\USER\Desktop\Pikachim\Pikachim\Debug\link.8308-rc.write.1.tlog
C:\Users\USER\Desktop\Pikachim\Pikachim\Debug\link.8308.read.1.tlog
C:\Users\USER\Desktop\Pikachim\Pikachim\Debug\link.8308.write.1.tlog
C:\Users\USER\Desktop\Pikachim\Pikachim\Debug\link.9756-cvtres.read.1.tlog
C:\Users\USER\Desktop\Pikachim\Pikachim\Debug\link.9756-cvtres.write.1.tlog
C:\Users\USER\Desktop\Pikachim\Pikachim\Debug\link.9756-rc.read.1.tlog
C:\Users\USER\Desktop\Pikachim\Pikachim\Debug\link.9756-rc.write.1.tlog
C:\Users\USER\Desktop\Pikachim\Pikachim\Debug\link.9756.read.1.tlog
C:\Users\USER\Desktop\Pikachim\Pikachim\Debug\link.9756.write.1.tlog
C:\Users\USER\Desktop\Pikachim\Pikachim\Debug\link.command.1.tlog
C:\Users\USER\Desktop\Pikachim\Pikachim\Debug\link.read.1.tlog
C:\Users\USER\Desktop\Pikachim\Pikachim\Debug\link.write.1.tlog
C:\Users\USER\Desktop\Pikachim\Pikachim\Debug\Pikachim.pch
C:\Users\USER\Desktop\Pikachim\Pikachim\Debug\vc110.idb
C:\Users\USER\Desktop\Pikachim\Pikachim\Debug\vc110.pdb
C:\Users\USER\Desktop\Pikachim\Debug\Pikachim.pdb
C:\Users\USER\Desktop\Pikachim\Debug\Pikachim.exe
C:\Users\USER\Desktop\Pikachim\Debug\Pikachim.ilk
